18-04-2025 13:51:06	This log contains information about the import schema operation into project 'claimsprocessing.db' on computer 'BHARADWAJ' by user 'Puneeth'.
18-04-2025 13:51:06	Import of database schema has started.
18-04-2025 13:51:14	Gathering database credentials
18-04-2025 13:51:14	Gathering database options
18-04-2025 13:51:14	Gathering generic database scoped configuration option
18-04-2025 13:51:14	Gathering users
18-04-2025 13:51:14	Gathering roles
18-04-2025 13:51:14	Gathering application roles
18-04-2025 13:51:14	Gathering role memberships
18-04-2025 13:51:14	Gathering filegroups
18-04-2025 13:51:14	Gathering full-text catalogs
18-04-2025 13:51:14	Gathering assemblies
18-04-2025 13:51:14	Gathering certificates
18-04-2025 13:51:14	Gathering asymmetric keys
18-04-2025 13:51:14	Gathering symmetric keys
18-04-2025 13:51:14	Gathering encrypted symmetric keys
18-04-2025 13:51:14	Gathering schemas
18-04-2025 13:51:14	Gathering XML schema collections
18-04-2025 13:51:14	Gathering user-defined data types
18-04-2025 13:51:14	Gathering user-defined types
18-04-2025 13:51:14	Gathering table types
18-04-2025 13:51:14	Gathering unique keys for table types
18-04-2025 13:51:14	Gathering primary keys for table types
18-04-2025 13:51:15	Gathering indexes for table types
18-04-2025 13:51:15	Gathering check constraints for table types
18-04-2025 13:51:15	Gathering default constraints for table types
18-04-2025 13:51:15	Gathering partition functions
18-04-2025 13:51:15	Gathering partition schemes
18-04-2025 13:51:15	Gathering functions
18-04-2025 13:51:15	Gathering encrypted functions
18-04-2025 13:51:15	Gathering aggregates
18-04-2025 13:51:15	Gathering procedures
18-04-2025 13:51:15	Gathering encrypted procedures
18-04-2025 13:51:15	Gathering tables
18-04-2025 13:51:15	Gathering primary keys
18-04-2025 13:51:15	Gathering unique constraints
18-04-2025 13:51:15	Gathering foreign keys
18-04-2025 13:51:15	Gathering default constraints
18-04-2025 13:51:15	Gathering check constraints
18-04-2025 13:51:15	Gathering views
18-04-2025 13:51:15	Gathering encrypted views
18-04-2025 13:51:15	Gathering indexes
18-04-2025 13:51:15	Gathering statistics
18-04-2025 13:51:15	Gathering full-text index stoplists
18-04-2025 13:51:15	Gathering search property lists
18-04-2025 13:51:15	Gathering search properties
18-04-2025 13:51:15	Gathering full-text indexes
18-04-2025 13:51:15	Gathering column store indexes
18-04-2025 13:51:15	Gathering spatial indexes
18-04-2025 13:51:15	Gathering XML indexes
18-04-2025 13:51:15	Gathering Selective XML indexes
18-04-2025 13:51:15	Gathering encrypted triggers
18-04-2025 13:51:15	Gathering triggers
18-04-2025 13:51:15	Gathering encrypted and clr ddl triggers
18-04-2025 13:51:15	Gathering ddl triggers
18-04-2025 13:51:15	Creating edge constraints
18-04-2025 13:51:15	Gathering synonyms
18-04-2025 13:51:15	Gathering defaults
18-04-2025 13:51:15	Gathering data constraint uddt bindings
18-04-2025 13:51:15	Gathering rules
18-04-2025 13:51:15	Gathering data constraint uddt bindings
18-04-2025 13:51:15	Gathering message types
18-04-2025 13:51:15	Gathering queues
18-04-2025 13:51:15	Gathering contracts
18-04-2025 13:51:15	Gathering services
18-04-2025 13:51:15	Gathering event notifications
18-04-2025 13:51:15	Gathering remote service bindings
18-04-2025 13:51:15	Gathering broker priorities
18-04-2025 13:51:15	Gathering signatures
18-04-2025 13:51:15	Gathering compression options
18-04-2025 13:51:15	Gathering sequence types
18-04-2025 13:51:15	Gathering security policies
18-04-2025 13:51:15	Gather column encryption keys
18-04-2025 13:51:15	Gathering column master keys
18-04-2025 13:51:15	Gathering external data sources
18-04-2025 13:51:15	Gathering external file formats
18-04-2025 13:51:15	Gathering external tables
18-04-2025 13:51:15	Gathering XML index compression options
18-04-2025 13:51:15	Gathering database permissions
18-04-2025 13:51:15	Gathering extended properties
18-04-2025 13:51:15	Gathering assemblies
18-04-2025 13:51:15	Gathering credentials
18-04-2025 13:51:15	Gathering logins
18-04-2025 13:51:15	Gathering server audits
18-04-2025 13:51:16	Scanning project for duplicate elements
18-04-2025 13:51:17	Finished duplicate element processing
18-04-2025 13:51:17	Finished importing database.
18-04-2025 13:51:17	A summary of the import was saved to the following location: C:\Users\Puneeth\source\repos\general-coding\Claims-Processing\claimsprocessing\claimsprocessing.db\Import Schema Logs\claimsprocessing.db_20250418082106.log
18-04-2025 13:51:17	Click Finish to continue...
